This file contains any messages produced by compilers while
running configure, to aid debugging if configure makes a mistake.

It was created by configure, which was
generated by GNU Autoconf 2.69.  Invocation command line was

  $ ./configure --prefix=/usr --enable-ttfsupport --enable-ft2support --disable-pngsupport

## --------- ##
## Platform. ##
## --------- ##

hostname = iZ2zeaprux2w6va10pfc7bZ
uname -m = i686
uname -r = 3.2.0-4-686-pae
uname -s = Linux
uname -v = #1 SMP Debian 3.2.78-1

/usr/bin/uname -p = unknown
/bin/uname -X     = unknown

/bin/arch              = unknown
/usr/bin/arch -k       = unknown
/usr/convex/getsysinfo = unknown
/usr/bin/hostinfo      = unknown
/bin/machine           = unknown
/usr/bin/oslevel       = unknown
/bin/universe          = unknown

PATH: /usr/local/sbin
PATH: /usr/local/bin
PATH: /usr/sbin
PATH: /usr/bin
PATH: /sbin
PATH: /bin


## ----------- ##
## Core tests. ##
## ----------- ##

configure:2727: checking build system type
configure:2741: result: i686-pc-linux-gnu
configure:2761: checking host system type
configure:2774: result: i686-pc-linux-gnu
configure:2794: checking target system type
configure:2807: result: i686-pc-linux-gnu
configure:2883: checking for gcc
configure:2899: found /usr/bin/gcc
configure:2910: result: gcc
configure:3139: checking for C compiler version
configure:3148: gcc --version >&5
gcc (Debian 4.7.2-5) 4.7.2
Copyright (C) 2012 Free Software Foundation, Inc.
This is free software; see the source for copying conditions.  There is NO
warranty; not even for MERCHANTABILITY or FITNESS FOR A PARTICULAR PURPOSE.

configure:3159: $? = 0
configure:3148: gcc -v >&5
Using built-in specs.
COLLECT_GCC=gcc
COLLECT_LTO_WRAPPER=/usr/lib/gcc/i486-linux-gnu/4.7/lto-wrapper
Target: i486-linux-gnu
Configured with: ../src/configure -v --with-pkgversion='Debian 4.7.2-5' --with-bugurl=file:///usr/share/doc/gcc-4.7/README.Bugs --enable-languages=c,c++,go,fortran,objc,obj-c++ --prefix=/usr --program-suffix=-4.7 --enable-shared --enable-linker-build-id --with-system-zlib --libexecdir=/usr/lib --without-included-gettext --enable-threads=posix --with-gxx-include-dir=/usr/include/c++/4.7 --libdir=/usr/lib --enable-nls --with-sysroot=/ --enable-clocale=gnu --enable-libstdcxx-debug --enable-libstdcxx-time=yes --enable-gnu-unique-object --enable-plugin --enable-objc-gc --enable-targets=all --with-arch-32=i586 --with-tune=generic --enable-checking=release --build=i486-linux-gnu --host=i486-linux-gnu --target=i486-linux-gnu
Thread model: posix
gcc version 4.7.2 (Debian 4.7.2-5) 
configure:3159: $? = 0
configure:3148: gcc -V >&5
gcc: error: unrecognized command line option '-V'
gcc: fatal error: no input files
compilation terminated.
configure:3159: $? = 4
configure:3148: gcc -qversion >&5
gcc: error: unrecognized command line option '-qversion'
gcc: fatal error: no input files
compilation terminated.
configure:3159: $? = 4
configure:3179: checking whether the C compiler works
configure:3201: gcc    conftest.c  >&5
configure:3205: $? = 0
configure:3253: result: yes
configure:3256: checking for C compiler default output file name
configure:3258: result: a.out
configure:3264: checking for suffix of executables
configure:3271: gcc -o conftest    conftest.c  >&5
configure:3275: $? = 0
configure:3297: result: 
configure:3319: checking whether we are cross compiling
configure:3327: gcc -o conftest    conftest.c  >&5
configure:3331: $? = 0
configure:3338: ./conftest
configure:3342: $? = 0
configure:3357: result: no
configure:3362: checking for suffix of object files
configure:3384: gcc -c   conftest.c >&5
configure:3388: $? = 0
configure:3409: result: o
configure:3413: checking whether we are using the GNU C compiler
configure:3432: gcc -c   conftest.c >&5
configure:3432: $? = 0
configure:3441: result: yes
configure:3450: checking whether gcc accepts -g
configure:3470: gcc -c -g  conftest.c >&5
configure:3470: $? = 0
configure:3511: result: yes
configure:3528: checking for gcc option to accept ISO C89
configure:3591: gcc  -c -g -O2  conftest.c >&5
configure:3591: $? = 0
configure:3604: result: none needed
configure:3624: checking for a sed that does not truncate output
configure:3688: result: /bin/sed
configure:3706: checking for grep that handles long lines and -e
configure:3764: result: /bin/grep
configure:3769: checking for egrep
configure:3831: result: /bin/grep -E
configure:3836: checking for fgrep
configure:3898: result: /bin/grep -F
configure:3925: checking how to print strings
configure:3952: result: printf
configure:3985: checking for ld used by gcc
configure:4052: result: /usr/bin/ld
configure:4059: checking if the linker (/usr/bin/ld) is GNU ld
configure:4074: result: yes
configure:4129: checking for ranlib
configure:4145: found /usr/bin/ranlib
configure:4156: result: ranlib
configure:4220: checking for BSD- or MS-compatible name lister (nm)
configure:4269: result: /usr/bin/nm -B
configure:4399: checking the name lister (/usr/bin/nm -B) interface
configure:4406: gcc -c -g -O2  conftest.c >&5
configure:4409: /usr/bin/nm -B "conftest.o"
configure:4412: output
00000000 B some_variable
configure:4419: result: BSD nm
configure:4422: checking whether ln -s works
configure:4426: result: yes
configure:4434: checking the maximum length of command line arguments
configure:4564: result: 1572864
configure:4581: checking whether the shell understands some XSI constructs
configure:4591: result: yes
configure:4595: checking whether the shell understands "+="
configure:4601: result: yes
configure:4636: checking how to convert i686-pc-linux-gnu file names to i686-pc-linux-gnu format
configure:4676: result: func_convert_file_noop
configure:4683: checking how to convert i686-pc-linux-gnu file names to toolchain format
configure:4703: result: func_convert_file_noop
configure:4710: checking for /usr/bin/ld option to reload object files
configure:4717: result: -r
configure:4791: checking for objdump
configure:4807: found /usr/bin/objdump
configure:4818: result: objdump
configure:4850: checking how to recognize dependent libraries
configure:5048: result: pass_all
configure:5133: checking for dlltool
configure:5163: result: no
configure:5193: checking how to associate runtime and link libraries
configure:5220: result: printf %s\n
configure:5281: checking for ar
configure:5297: found /usr/bin/ar
configure:5308: result: ar
configure:5345: checking for archiver @FILE support
configure:5362: gcc -c -g -O2  conftest.c >&5
configure:5362: $? = 0
configure:5365: ar cru libconftest.a @conftest.lst >&5
configure:5368: $? = 0
configure:5373: ar cru libconftest.a @conftest.lst >&5
ar: conftest.o: No such file or directory
configure:5376: $? = 1
configure:5388: result: @
configure:5446: checking for strip
configure:5462: found /usr/bin/strip
configure:5473: result: strip
configure:5545: checking for ranlib
configure:5572: result: ranlib
configure:5649: checking for gawk
configure:5665: found /usr/bin/gawk
configure:5676: result: gawk
configure:5716: checking command to parse /usr/bin/nm -B output from gcc object
configure:5836: gcc -c -g -O2  conftest.c >&5
configure:5839: $? = 0
configure:5843: /usr/bin/nm -B conftest.o \| sed -n -e 's/^.*[ ]\([ABCDGIRSTW][ABCDGIRSTW]*\)[ ][ ]*\([_A-Za-z][_A-Za-z0-9]*\)$/\1 \2 \2/p' | sed '/ __gnu_lto/d' \> conftest.nm
configure:5846: $? = 0
configure:5912: gcc -o conftest -g -O2   conftest.c conftstm.o >&5
configure:5915: $? = 0
configure:5953: result: ok
configure:5990: checking for sysroot
configure:6020: result: no
configure:6276: checking for mt
configure:6292: found /bin/mt
configure:6303: result: mt
configure:6326: checking if mt is a manifest tool
configure:6332: mt '-?'
configure:6340: result: no
configure:6982: checking how to run the C preprocessor
configure:7013: gcc -E  conftest.c
configure:7013: $? = 0
configure:7027: gcc -E  conftest.c
conftest.c:9:28: fatal error: ac_nonexistent.h: No such file or directory
compilation terminated.
configure:7027: $? = 1
configure: failed program was:
| /* confdefs.h */
| #define PACKAGE_NAME ""
| #define PACKAGE_TARNAME ""
| #define PACKAGE_VERSION ""
| #define PACKAGE_STRING ""
| #define PACKAGE_BUGREPORT ""
| #define PACKAGE_URL ""
| /* end confdefs.h.  */
| #include <ac_nonexistent.h>
configure:7052: result: gcc -E
configure:7072: gcc -E  conftest.c
configure:7072: $? = 0
configure:7086: gcc -E  conftest.c
conftest.c:9:28: fatal error: ac_nonexistent.h: No such file or directory
compilation terminated.
configure:7086: $? = 1
configure: failed program was:
| /* confdefs.h */
| #define PACKAGE_NAME ""
| #define PACKAGE_TARNAME ""
| #define PACKAGE_VERSION ""
| #define PACKAGE_STRING ""
| #define PACKAGE_BUGREPORT ""
| #define PACKAGE_URL ""
| /* end confdefs.h.  */
| #include <ac_nonexistent.h>
configure:7115: checking for ANSI C header files
configure:7135: gcc -c -g -O2  conftest.c >&5
configure:7135: $? = 0
configure:7208: gcc -o conftest -g -O2   conftest.c  >&5
configure:7208: $? = 0
configure:7208: ./conftest
configure:7208: $? = 0
configure:7219: result: yes
configure:7232: checking for sys/types.h
configure:7232: gcc -c -g -O2  conftest.c >&5
configure:7232: $? = 0
configure:7232: result: yes
configure:7232: checking for sys/stat.h
configure:7232: gcc -c -g -O2  conftest.c >&5
configure:7232: $? = 0
configure:7232: result: yes
configure:7232: checking for stdlib.h
configure:7232: gcc -c -g -O2  conftest.c >&5
configure:7232: $? = 0
configure:7232: result: yes
configure:7232: checking for string.h
configure:7232: gcc -c -g -O2  conftest.c >&5
configure:7232: $? = 0
configure:7232: result: yes
configure:7232: checking for memory.h
configure:7232: gcc -c -g -O2  conftest.c >&5
configure:7232: $? = 0
configure:7232: result: yes
configure:7232: checking for strings.h
configure:7232: gcc -c -g -O2  conftest.c >&5
configure:7232: $? = 0
configure:7232: result: yes
configure:7232: checking for inttypes.h
configure:7232: gcc -c -g -O2  conftest.c >&5
configure:7232: $? = 0
configure:7232: result: yes
configure:7232: checking for stdint.h
configure:7232: gcc -c -g -O2  conftest.c >&5
configure:7232: $? = 0
configure:7232: result: yes
configure:7232: checking for unistd.h
configure:7232: gcc -c -g -O2  conftest.c >&5
configure:7232: $? = 0
configure:7232: result: yes
configure:7246: checking for dlfcn.h
configure:7246: gcc -c -g -O2  conftest.c >&5
configure:7246: $? = 0
configure:7246: result: yes
configure:7452: checking for objdir
configure:7467: result: .libs
configure:7734: checking if gcc supports -fno-rtti -fno-exceptions
configure:7752: gcc -c -g -O2  -fno-rtti -fno-exceptions conftest.c >&5
cc1: warning: command line option '-fno-rtti' is valid for C++/ObjC++ but not for C [enabled by default]
configure:7756: $? = 0
configure:7769: result: no
configure:8096: checking for gcc option to produce PIC
configure:8103: result: -fPIC -DPIC
configure:8111: checking if gcc PIC flag -fPIC -DPIC works
configure:8129: gcc -c -g -O2  -fPIC -DPIC -DPIC conftest.c >&5
configure:8133: $? = 0
configure:8146: result: yes
configure:8175: checking if gcc static flag -static works
configure:8203: result: yes
configure:8218: checking if gcc supports -c -o file.o
configure:8239: gcc -c -g -O2  -o out/conftest2.o conftest.c >&5
configure:8243: $? = 0
configure:8265: result: yes
configure:8273: checking if gcc supports -c -o file.o
configure:8320: result: yes
configure:8353: checking whether the gcc linker (/usr/bin/ld) supports shared libraries
configure:9510: result: yes
configure:9547: checking whether -lc should be explicitly linked in
configure:9555: gcc -c -g -O2  conftest.c >&5
configure:9558: $? = 0
configure:9573: gcc -shared  -fPIC -DPIC conftest.o  -v -Wl,-soname -Wl,conftest -o conftest 2\>\&1 \| /bin/grep  -lc  \>/dev/null 2\>\&1
configure:9576: $? = 0
configure:9590: result: no
configure:9750: checking dynamic linker characteristics
configure:10250: gcc -o conftest -g -O2   -Wl,-rpath -Wl,/foo conftest.c  >&5
configure:10250: $? = 0
configure:10484: result: GNU/Linux ld.so
configure:10591: checking how to hardcode library paths into programs
configure:10616: result: immediate
configure:11156: checking whether stripping libraries is possible
configure:11161: result: yes
configure:11196: checking if libtool supports shared libraries
configure:11198: result: yes
configure:11201: checking whether to build shared libraries
configure:11222: result: yes
configure:11225: checking whether to build static libraries
configure:11229: result: yes
configure:11280: checking for a BSD-compatible install
configure:11348: result: /usr/bin/install -c
configure:11359: checking whether ln -s works
configure:11363: result: yes
configure:11370: checking whether make sets $(MAKE)
configure:11392: result: yes
configure:11404: checking whether build environment is sane
configure:11454: result: yes
configure:11595: checking for a thread-safe mkdir -p
configure:11634: result: /bin/mkdir -p
configure:11664: checking for style of include used by make
configure:11692: result: GNU
configure:11769: checking dependency style of gcc
configure:11880: result: gcc3
configure:11897: checking for ANSI C header files
configure:12001: result: yes
configure:12012: checking for dirent.h that defines DIR
configure:12031: gcc -c -g -O2  conftest.c >&5
configure:12031: $? = 0
configure:12039: result: yes
configure:12052: checking for library containing opendir
configure:12083: gcc -o conftest -g -O2   conftest.c  >&5
configure:12083: $? = 0
configure:12100: result: none required
configure:12170: checking for sys/types.h
configure:12170: result: yes
configure:12170: checking sys/time.h usability
configure:12170: gcc -c -g -O2  conftest.c >&5
configure:12170: $? = 0
configure:12170: result: yes
configure:12170: checking sys/time.h presence
configure:12170: gcc -E  conftest.c
configure:12170: $? = 0
configure:12170: result: yes
configure:12170: checking for sys/time.h
configure:12170: result: yes
configure:12170: checking termio.h usability
configure:12170: gcc -c -g -O2  conftest.c >&5
configure:12170: $? = 0
configure:12170: result: yes
configure:12170: checking termio.h presence
configure:12170: gcc -E  conftest.c
configure:12170: $? = 0
configure:12170: result: yes
configure:12170: checking for termio.h
configure:12170: result: yes
configure:12170: checking for unistd.h
configure:12170: result: yes
configure:12170: checking math.h usability
configure:12170: gcc -c -g -O2  conftest.c >&5
configure:12170: $? = 0
configure:12170: result: yes
configure:12170: checking math.h presence
configure:12170: gcc -E  conftest.c
configure:12170: $? = 0
configure:12170: result: yes
configure:12170: checking for math.h
configure:12170: result: yes
configure:12170: checking locale.h usability
configure:12170: gcc -c -g -O2  conftest.c >&5
configure:12170: $? = 0
configure:12170: result: yes
configure:12170: checking locale.h presence
configure:12170: gcc -E  conftest.c
configure:12170: $? = 0
configure:12170: result: yes
configure:12170: checking for locale.h
configure:12170: result: yes
configure:12181: checking for an ANSI C-conforming const
configure:12247: gcc -c -g -O2  conftest.c >&5
configure:12247: $? = 0
configure:12254: result: yes
configure:12262: checking for inline
configure:12278: gcc -c -g -O2  conftest.c >&5
configure:12278: $? = 0
configure:12286: result: inline
configure:12304: checking for size_t
configure:12304: gcc -c -g -O2  conftest.c >&5
configure:12304: $? = 0
configure:12304: gcc -c -g -O2  conftest.c >&5
conftest.c: In function 'main':
conftest.c:65:21: error: expected expression before ')' token
configure:12304: $? = 1
configure: failed program was:
| /* confdefs.h */
| #define PACKAGE_NAME ""
| #define PACKAGE_TARNAME ""
| #define PACKAGE_VERSION ""
| #define PACKAGE_STRING ""
| #define PACKAGE_BUGREPORT ""
| #define PACKAGE_URL ""
| #define STDC_HEADERS 1
| #define HAVE_SYS_TYPES_H 1
| #define HAVE_SYS_STAT_H 1
| #define HAVE_STDLIB_H 1
| #define HAVE_STRING_H 1
| #define HAVE_MEMORY_H 1
| #define HAVE_STRINGS_H 1
| #define HAVE_INTTYPES_H 1
| #define HAVE_STDINT_H 1
| #define HAVE_UNISTD_H 1
| #define HAVE_DLFCN_H 1
| #define LT_OBJDIR ".libs/"
| #define STDC_HEADERS 1
| #define HAVE_DIRENT_H 1
| #define HAVE_SYS_TYPES_H 1
| #define HAVE_SYS_TIME_H 1
| #define HAVE_TERMIO_H 1
| #define HAVE_UNISTD_H 1
| #define HAVE_MATH_H 1
| #define HAVE_LOCALE_H 1
| /* end confdefs.h.  */
| #include <stdio.h>
| #ifdef HAVE_SYS_TYPES_H
| # include <sys/types.h>
| #endif
| #ifdef HAVE_SYS_STAT_H
| # include <sys/stat.h>
| #endif
| #ifdef STDC_HEADERS
| # include <stdlib.h>
| # include <stddef.h>
| #else
| # ifdef HAVE_STDLIB_H
| #  include <stdlib.h>
| # endif
| #endif
| #ifdef HAVE_STRING_H
| # if !defined STDC_HEADERS && defined HAVE_MEMORY_H
| #  include <memory.h>
| # endif
| # include <string.h>
| #endif
| #ifdef HAVE_STRINGS_H
| # include <strings.h>
| #endif
| #ifdef HAVE_INTTYPES_H
| # include <inttypes.h>
| #endif
| #ifdef HAVE_STDINT_H
| # include <stdint.h>
| #endif
| #ifdef HAVE_UNISTD_H
| # include <unistd.h>
| #endif
| int
| main ()
| {
| if (sizeof ((size_t)))
| 	    return 0;
|   ;
|   return 0;
| }
configure:12304: result: yes
configure:12315: checking whether time.h and sys/time.h may both be included
configure:12335: gcc -c -g -O2  conftest.c >&5
configure:12335: $? = 0
configure:12342: result: yes
configure:12350: checking whether struct tm is in sys/time.h or time.h
configure:12370: gcc -c -g -O2  conftest.c >&5
configure:12370: $? = 0
configure:12377: result: time.h
configure:12388: checking for working alloca.h
configure:12405: gcc -o conftest -g -O2   conftest.c  >&5
configure:12405: $? = 0
configure:12413: result: yes
configure:12421: checking for alloca
configure:12458: gcc -o conftest -g -O2   conftest.c  >&5
configure:12458: $? = 0
configure:12466: result: yes
configure:12572: checking for working memcmp
configure:12615: gcc -o conftest -g -O2   conftest.c  >&5
configure:12615: $? = 0
configure:12615: ./conftest
configure:12615: $? = 0
configure:12625: result: yes
configure:12640: checking for stdlib.h
configure:12640: result: yes
configure:12640: checking for unistd.h
configure:12640: result: yes
configure:12640: checking for sys/param.h
configure:12640: gcc -c -g -O2  conftest.c >&5
configure:12640: $? = 0
configure:12640: result: yes
configure:12660: checking for getpagesize
configure:12660: gcc -o conftest -g -O2   conftest.c  >&5
configure:12660: $? = 0
configure:12660: result: yes
configure:12669: checking for working mmap
configure:12816: gcc -o conftest -g -O2   conftest.c  >&5
configure:12816: $? = 0
configure:12816: ./conftest
configure:12816: $? = 0
configure:12826: result: yes
configure:12837: checking for vprintf
configure:12837: gcc -o conftest -g -O2   conftest.c  >&5
conftest.c:60:6: warning: conflicting types for built-in function 'vprintf' [enabled by default]
configure:12837: $? = 0
configure:12837: result: yes
configure:12843: checking for _doprnt
configure:12843: gcc -o conftest -g -O2   conftest.c  >&5
/tmp/cccZUBsj.o: In function `main':
/var/lib/jenkins/workspace/libminigui/conftest.c:72: undefined reference to `_doprnt'
collect2: error: ld returned 1 exit status
configure:12843: $? = 1
configure: failed program was:
| /* confdefs.h */
| #define PACKAGE_NAME ""
| #define PACKAGE_TARNAME ""
| #define PACKAGE_VERSION ""
| #define PACKAGE_STRING ""
| #define PACKAGE_BUGREPORT ""
| #define PACKAGE_URL ""
| #define STDC_HEADERS 1
| #define HAVE_SYS_TYPES_H 1
| #define HAVE_SYS_STAT_H 1
| #define HAVE_STDLIB_H 1
| #define HAVE_STRING_H 1
| #define HAVE_MEMORY_H 1
| #define HAVE_STRINGS_H 1
| #define HAVE_INTTYPES_H 1
| #define HAVE_STDINT_H 1
| #define HAVE_UNISTD_H 1
| #define HAVE_DLFCN_H 1
| #define LT_OBJDIR ".libs/"
| #define STDC_HEADERS 1
| #define HAVE_DIRENT_H 1
| #define HAVE_SYS_TYPES_H 1
| #define HAVE_SYS_TIME_H 1
| #define HAVE_TERMIO_H 1
| #define HAVE_UNISTD_H 1
| #define HAVE_MATH_H 1
| #define HAVE_LOCALE_H 1
| #define TIME_WITH_SYS_TIME 1
| #define HAVE_ALLOCA_H 1
| #define HAVE_ALLOCA 1
| #define HAVE_STDLIB_H 1
| #define HAVE_UNISTD_H 1
| #define HAVE_SYS_PARAM_H 1
| #define HAVE_GETPAGESIZE 1
| #define HAVE_MMAP 1
| #define HAVE_VPRINTF 1
| /* end confdefs.h.  */
| /* Define _doprnt to an innocuous variant, in case <limits.h> declares _doprnt.
|    For example, HP-UX 11i <limits.h> declares gettimeofday.  */
| #define _doprnt innocuous__doprnt
| 
| /* System header to define __stub macros and hopefully few prototypes,
|     which can conflict with char _doprnt (); below.
|     Prefer <limits.h> to <assert.h> if __STDC__ is defined, since
|     <limits.h> exists even on freestanding compilers.  */
| 
| #ifdef __STDC__
| # include <limits.h>
| #else
| # include <assert.h>
| #endif
| 
| #undef _doprnt
| 
| /* Override any GCC internal prototype to avoid an error.
|    Use char because int might match the return type of a GCC
|    builtin and then its argument prototype would still apply.  */
| #ifdef __cplusplus
| extern "C"
| #endif
| char _doprnt ();
| /* The GNU C library defines this for functions which it implements
|     to always fail with ENOSYS.  Some functions are actually named
|     something starting with __ and the normal name is an alias.  */
| #if defined __stub__doprnt || defined __stub____doprnt
| choke me
| #endif
| 
| int
| main ()
| {
| return _doprnt ();
|   ;
|   return 0;
| }
configure:12843: result: no
configure:12857: checking for time
configure:12857: gcc -o conftest -g -O2   conftest.c  >&5
configure:12857: $? = 0
configure:12857: result: yes
configure:12857: checking for mktime
configure:12857: gcc -o conftest -g -O2   conftest.c  >&5
configure:12857: $? = 0
configure:12857: result: yes
configure:12857: checking for localtime
configure:12857: gcc -o conftest -g -O2   conftest.c  >&5
configure:12857: $? = 0
configure:12857: result: yes
configure:12857: checking for strdup
configure:12857: gcc -o conftest -g -O2   conftest.c  >&5
conftest.c:64:6: warning: conflicting types for built-in function 'strdup' [enabled by default]
configure:12857: $? = 0
configure:12857: result: yes
configure:12857: checking for strcasecmp
configure:12857: gcc -o conftest -g -O2   conftest.c  >&5
conftest.c:65:6: warning: conflicting types for built-in function 'strcasecmp' [enabled by default]
configure:12857: $? = 0
configure:12857: result: yes
configure:12857: checking for strncasecmp
configure:12857: gcc -o conftest -g -O2   conftest.c  >&5
conftest.c:66:6: warning: conflicting types for built-in function 'strncasecmp' [enabled by default]
configure:12857: $? = 0
configure:12857: result: yes
configure:12857: checking for strerror
configure:12857: gcc -o conftest -g -O2   conftest.c  >&5
configure:12857: $? = 0
configure:12857: result: yes
configure:12857: checking for setlocale
configure:12857: gcc -o conftest -g -O2   conftest.c  >&5
configure:12857: $? = 0
configure:12857: result: yes
configure:12857: checking for getpt
configure:12857: gcc -o conftest -g -O2   conftest.c  >&5
configure:12857: $? = 0
configure:12857: result: yes
configure:14066: checking for FrameBuffer console support
configure:14085: gcc -c -g -O2  conftest.c >&5
configure:14085: $? = 0
configure:14091: result: yes
configure:14403: checking for pthread library
configure:14425: gcc -o conftest -g -O2   conftest.c  >&5
configure:14425: $? = 0
configure:14427: result: yes
configure:14439: checking for FT_Library_Version in -lfreetype
configure:14464: gcc -o conftest -g -O2   conftest.c -lfreetype   >&5
configure:14464: $? = 0
configure:14473: result: yes
configure:14578: checking for jpeg_std_error in -ljpeg
configure:14603: gcc -o conftest -g -O2 -I/usr/include/freetype2   conftest.c -ljpeg -lm  >&5
configure:14603: $? = 0
configure:14612: result: yes
configure:15033: checking for pow in -lm
configure:15058: gcc -o conftest -g -O2 -I/usr/include/freetype2 -D__MINIGUI_LIB__ -D_REENTRANT   conftest.c -lm   >&5
conftest.c:65:6: warning: conflicting types for built-in function 'pow' [enabled by default]
configure:15058: $? = 0
configure:15067: result: yes
configure:16408: creating ./config.status

## ---------------------- ##
## Running config.status. ##
## ---------------------- ##

This file was extended by config.status, which was
generated by GNU Autoconf 2.69.  Invocation command line was

  CONFIG_FILES    = 
  CONFIG_HEADERS  = 
  CONFIG_LINKS    = 
  CONFIG_COMMANDS = 
  $ ./config.status 

on iZ2zeaprux2w6va10pfc7bZ

config.status:1273: creating Makefile
config.status:1273: creating src/Makefile
config.status:1273: creating src/control/Makefile
config.status:1273: creating src/font/Makefile
config.status:1273: creating src/font/in-core/Makefile
config.status:1273: creating src/newgal/Makefile
config.status:1273: creating src/newgal/fbcon/Makefile
config.status:1273: creating src/newgal/qvfb/Makefile
config.status:1273: creating src/newgal/wvfb/Makefile
config.status:1273: creating src/newgal/commlcd/Makefile
config.status:1273: creating src/newgal/shadow/Makefile
config.status:1273: creating src/newgal/mlshadow/Makefile
config.status:1273: creating src/newgal/em86gfx/Makefile
config.status:1273: creating src/newgal/em85xxyuv/Makefile
config.status:1273: creating src/newgal/em85xxosd/Makefile
config.status:1273: creating src/newgal/dummy/Makefile
config.status:1273: creating src/newgal/svpxxosd/Makefile
config.status:1273: creating src/newgal/bf533/Makefile
config.status:1273: creating src/newgal/mb93493/Makefile
config.status:1273: creating src/newgal/utpmc/Makefile
config.status:1273: creating src/newgal/dfb/Makefile
config.status:1273: creating src/newgal/hisi/Makefile
config.status:1273: creating src/ial/Makefile
config.status:1273: creating src/ial/native/Makefile
config.status:1273: creating src/mybmp/Makefile
config.status:1273: creating src/newgdi/Makefile
config.status:1273: creating src/gui/Makefile
config.status:1273: creating src/ime/Makefile
config.status:1273: creating src/libc/Makefile
config.status:1273: creating src/misc/Makefile
config.status:1273: creating src/main/Makefile
config.status:1273: creating src/kernel/Makefile
config.status:1273: creating src/server/Makefile
config.status:1273: creating src/client/Makefile
config.status:1273: creating src/standalone/Makefile
config.status:1273: creating src/sysres/Makefile
config.status:1273: creating src/include/Makefile
config.status:1273: creating src/include/control/Makefile
config.status:1273: creating ext/Makefile
config.status:1273: creating ext/control/Makefile
config.status:1273: creating ext/mywins/Makefile
config.status:1273: creating ext/skin/Makefile
config.status:1273: creating ext/include/Makefile
config.status:1273: creating ext/include/ext/Makefile
config.status:1273: creating ext/res/Makefile
config.status:1273: creating vcongui/Makefile
config.status:1273: creating include/Makefile
config.status:1273: creating include/ctrl/Makefile
config.status:1273: creating rtos/Makefile
config.status:1273: creating etc/Makefile
config.status:1273: creating m4/Makefile
config.status:1273: creating configs/Makefile
config.status:1273: creating scripts/Makefile
config.status:1273: creating scripts/lxdialog/Makefile
config.status:1273: creating build/Makefile
config.status:1273: creating 3rd-party/Makefile
config.status:1273: creating 3rd-party/scripteasy/Makefile
config.status:1273: creating mgconfig.h
config.status:1454: mgconfig.h is unchanged
config.status:1502: executing libtool commands
config.status:1502: executing depfiles commands

## ---------------- ##
## Cache variables. ##
## ---------------- ##

ac_cv_build=i686-pc-linux-gnu
ac_cv_c_compiler_gnu=yes
ac_cv_c_const=yes
ac_cv_c_inline=inline
ac_cv_env_CC_set=
ac_cv_env_CC_value=
ac_cv_env_CFLAGS_set=
ac_cv_env_CFLAGS_value=
ac_cv_env_CPPFLAGS_set=
ac_cv_env_CPPFLAGS_value=
ac_cv_env_CPP_set=
ac_cv_env_CPP_value=
ac_cv_env_LDFLAGS_set=
ac_cv_env_LDFLAGS_value=
ac_cv_env_LIBS_set=
ac_cv_env_LIBS_value=
ac_cv_env_build_alias_set=
ac_cv_env_build_alias_value=
ac_cv_env_host_alias_set=
ac_cv_env_host_alias_value=
ac_cv_env_target_alias_set=
ac_cv_env_target_alias_value=
ac_cv_func__doprnt=no
ac_cv_func_alloca_works=yes
ac_cv_func_getpagesize=yes
ac_cv_func_getpt=yes
ac_cv_func_localtime=yes
ac_cv_func_memcmp_working=yes
ac_cv_func_mktime=yes
ac_cv_func_mmap_fixed_mapped=yes
ac_cv_func_setlocale=yes
ac_cv_func_strcasecmp=yes
ac_cv_func_strdup=yes
ac_cv_func_strerror=yes
ac_cv_func_strncasecmp=yes
ac_cv_func_time=yes
ac_cv_func_vprintf=yes
ac_cv_header_dirent_dirent_h=yes
ac_cv_header_dlfcn_h=yes
ac_cv_header_inttypes_h=yes
ac_cv_header_locale_h=yes
ac_cv_header_math_h=yes
ac_cv_header_memory_h=yes
ac_cv_header_stdc=yes
ac_cv_header_stdint_h=yes
ac_cv_header_stdlib_h=yes
ac_cv_header_string_h=yes
ac_cv_header_strings_h=yes
ac_cv_header_sys_param_h=yes
ac_cv_header_sys_stat_h=yes
ac_cv_header_sys_time_h=yes
ac_cv_header_sys_types_h=yes
ac_cv_header_termio_h=yes
ac_cv_header_time=yes
ac_cv_header_unistd_h=yes
ac_cv_host=i686-pc-linux-gnu
ac_cv_lib_freetype_FT_Library_Version=yes
ac_cv_lib_jpeg_jpeg_std_error=yes
ac_cv_lib_m_pow=yes
ac_cv_objext=o
ac_cv_path_EGREP='/bin/grep -E'
ac_cv_path_FGREP='/bin/grep -F'
ac_cv_path_GREP=/bin/grep
ac_cv_path_SED=/bin/sed
ac_cv_path_install='/usr/bin/install -c'
ac_cv_path_mkdir=/bin/mkdir
ac_cv_prog_AWK=gawk
ac_cv_prog_CPP='gcc -E'
ac_cv_prog_ac_ct_AR=ar
ac_cv_prog_ac_ct_CC=gcc
ac_cv_prog_ac_ct_MANIFEST_TOOL=mt
ac_cv_prog_ac_ct_OBJDUMP=objdump
ac_cv_prog_ac_ct_RANLIB=ranlib
ac_cv_prog_ac_ct_STRIP=strip
ac_cv_prog_cc_c89=
ac_cv_prog_cc_g=yes
ac_cv_prog_make_make_set=yes
ac_cv_search_opendir='none required'
ac_cv_struct_tm=time.h
ac_cv_target=i686-pc-linux-gnu
ac_cv_type_size_t=yes
ac_cv_working_alloca_h=yes
am_cv_CC_dependencies_compiler_type=gcc3
lt_cv_ar_at_file=@
lt_cv_archive_cmds_need_lc=no
lt_cv_deplibs_check_method=pass_all
lt_cv_file_magic_cmd='$MAGIC_CMD'
lt_cv_file_magic_test_file=
lt_cv_ld_reload_flag=-r
lt_cv_nm_interface='BSD nm'
lt_cv_objdir=.libs
lt_cv_path_LD=/usr/bin/ld
lt_cv_path_NM='/usr/bin/nm -B'
lt_cv_path_mainfest_tool=no
lt_cv_prog_compiler_c_o=yes
lt_cv_prog_compiler_pic='-fPIC -DPIC'
lt_cv_prog_compiler_pic_works=yes
lt_cv_prog_compiler_rtti_exceptions=no
lt_cv_prog_compiler_static_works=yes
lt_cv_prog_gnu_ld=yes
lt_cv_sharedlib_from_linklib_cmd='printf %s\n'
lt_cv_shlibpath_overrides_runpath=no
lt_cv_sys_global_symbol_pipe='sed -n -e '\''s/^.*[	 ]\([ABCDGIRSTW][ABCDGIRSTW]*\)[	 ][	 ]*\([_A-Za-z][_A-Za-z0-9]*\)$/\1 \2 \2/p'\'' | sed '\''/ __gnu_lto/d'\'''
lt_cv_sys_global_symbol_to_c_name_address='sed -n -e '\''s/^: \([^ ]*\)[ ]*$/  {\"\1\", (void *) 0},/p'\'' -e '\''s/^[ABCDGIRSTW]* \([^ ]*\) \([^ ]*\)$/  {"\2", (void *) \&\2},/p'\'''
lt_cv_sys_global_symbol_to_c_name_address_lib_prefix='sed -n -e '\''s/^: \([^ ]*\)[ ]*$/  {\"\1\", (void *) 0},/p'\'' -e '\''s/^[ABCDGIRSTW]* \([^ ]*\) \(lib[^ ]*\)$/  {"\2", (void *) \&\2},/p'\'' -e '\''s/^[ABCDGIRSTW]* \([^ ]*\) \([^ ]*\)$/  {"lib\2", (void *) \&\2},/p'\'''
lt_cv_sys_global_symbol_to_cdecl='sed -n -e '\''s/^T .* \(.*\)$/extern int \1();/p'\'' -e '\''s/^[ABCDGIRSTW]* .* \(.*\)$/extern char \1;/p'\'''
lt_cv_sys_max_cmd_len=1572864
lt_cv_to_host_file_cmd=func_convert_file_noop
lt_cv_to_tool_file_cmd=func_convert_file_noop

## ----------------- ##
## Output variables. ##
## ----------------- ##

ABSSIG_IAL_ENGINE_FALSE=''
ABSSIG_IAL_ENGINE_TRUE='#'
ACLOCAL='${SHELL} /var/lib/jenkins/workspace/libminigui/missing --run aclocal-1.11'
ALLOCA=''
AMDEPBACKSLASH='\'
AMDEP_FALSE='#'
AMDEP_TRUE=''
AMTAR='$${TAR-tar}'
AR='ar'
AUTOCONF='${SHELL} /var/lib/jenkins/workspace/libminigui/missing --run autoconf'
AUTOHEADER='${SHELL} /var/lib/jenkins/workspace/libminigui/missing --run autoheader'
AUTOMAKE='${SHELL} /var/lib/jenkins/workspace/libminigui/missing --run automake-1.11'
AWK='gawk'
CC='gcc'
CCDEPMODE='depmode=gcc3'
CFLAGS='-g -O2 -I/usr/include/freetype2 -D__MINIGUI_LIB__ -D_REENTRANT -Wall -Wstrict-prototypes -pipe'
CPP='gcc -E'
CPPFLAGS=''
CYGPATH_W='echo'
DEFS='-DHAVE_CONFIG_H'
DEPDIR='.deps'
DLLTOOL='false'
DSYMUTIL=''
DUMPBIN=''
ECHO_C=''
ECHO_N='-n'
ECHO_T=''
EGREP='/bin/grep -E'
EXEEXT=''
FGREP='/bin/grep -F'
FLAT_WINDOW_STYLE_FALSE=''
FLAT_WINDOW_STYLE_TRUE='#'
GREP='/bin/grep'
IME_GB2312_PINYIN_SUPPORT_FALSE=''
IME_GB2312_PINYIN_SUPPORT_TRUE='#'
IME_GB2312_SUPPORT_FALSE='#'
IME_GB2312_SUPPORT_TRUE=''
INSTALL_DATA='${INSTALL} -m 644'
INSTALL_PROGRAM='${INSTALL}'
INSTALL_SCRIPT='${INSTALL}'
INSTALL_STRIP_PROGRAM='$(install_sh) -c -s'
LD='/usr/bin/ld'
LDFLAGS=''
LIBOBJS=''
LIBS=''
LIBTOOL='$(SHELL) $(top_builddir)/libtool'
LIB_VCONGUI_FALSE='#'
LIB_VCONGUI_TRUE=''
LIPO=''
LITE_VERSION_FALSE=''
LITE_VERSION_TRUE='#'
LN_S='ln -s'
LTLIBOBJS=''
LT_AGE='0'
LT_CURRENT='4'
LT_RELEASE='2.0'
LT_REVISION='0'
MAKEINFO='${SHELL} /var/lib/jenkins/workspace/libminigui/missing --run makeinfo'
MANIFEST_TOOL=':'
MKDIR_P='/bin/mkdir -p'
MiniGUI_BINARY_AGE='0'
MiniGUI_INTERFACE_AGE='0'
MiniGUI_MAJOR_VERSION='2'
MiniGUI_MICRO_VERSION='4'
MiniGUI_MINOR_VERSION='0'
MiniGUI_VERSION='2.0.4'
NATIVE_IAL_ENGINE_FALSE='#'
NATIVE_IAL_ENGINE_TRUE=''
NM='/usr/bin/nm -B'
NMEDIT=''
OBJDUMP='objdump'
OBJEXT='o'
OTOOL64=''
OTOOL=''
PACKAGE='libminigui'
PACKAGE_BUGREPORT=''
PACKAGE_NAME=''
PACKAGE_STRING=''
PACKAGE_TARNAME=''
PACKAGE_URL=''
PACKAGE_VERSION=''
PATH_SEPARATOR=':'
PC3D_WINDOW_STYLE_FALSE='#'
PC3D_WINDOW_STYLE_TRUE=''
PHONE_WINDOW_STYLE_FALSE=''
PHONE_WINDOW_STYLE_TRUE='#'
RANLIB='ranlib'
SED='/bin/sed'
SET_MAKE=''
SHELL='/bin/bash'
STAND_ALONE_FALSE=''
STAND_ALONE_TRUE='#'
STRIP='strip'
SYSTEM_LIBS=' -L/usr/lib/i386-linux-gnu -lfreetype -lz -ljpeg -lm'
UCOSII_FALSE=''
UCOSII_TRUE='#'
USE_NEWGAL_FALSE='#'
USE_NEWGAL_TRUE=''
USE_OWN_PTHREAD_FALSE=''
USE_OWN_PTHREAD_TRUE='#'
VERSION='2.0.4'
VIDEO_DRIVERS=' dummy/libvideo_null.la fbcon/libvideo_fbcon.la qvfb/libvideo_qvfb.la'
VIDEO_SUBDIRS=' dummy fbcon qvfb'
ac_ct_AR='ar'
ac_ct_CC='gcc'
ac_ct_DUMPBIN=''
am__EXEEXT_FALSE=''
am__EXEEXT_TRUE='#'
am__fastdepCC_FALSE='#'
am__fastdepCC_TRUE=''
am__include='include'
am__isrc=''
am__leading_dot='.'
am__nodep='_no'
am__quote=''
am__tar='$${TAR-tar} chof - "$$tardir"'
am__untar='$${TAR-tar} xf -'
bindir='${exec_prefix}/bin'
build='i686-pc-linux-gnu'
build_alias=''
build_cpu='i686'
build_os='linux-gnu'
build_vendor='pc'
datadir='${datarootdir}'
datarootdir='${prefix}/share'
docdir='${datarootdir}/doc/${PACKAGE}'
dvidir='${docdir}'
exec_prefix='${prefix}'
host='i686-pc-linux-gnu'
host_alias=''
host_cpu='i686'
host_os='linux-gnu'
host_vendor='pc'
htmldir='${docdir}'
includedir='${prefix}/include'
infodir='${datarootdir}/info'
install_sh='${SHELL} /var/lib/jenkins/workspace/libminigui/install-sh'
libdir='${exec_prefix}/lib'
libexecdir='${exec_prefix}/libexec'
localedir='${datarootdir}/locale'
localstatedir='${prefix}/var'
mandir='${datarootdir}/man'
mkdir_p='/bin/mkdir -p'
oldincludedir='/usr/include'
pdfdir='${docdir}'
prefix='/usr'
program_transform_name='s,x,x,'
psdir='${docdir}'
sbindir='${exec_prefix}/sbin'
sharedstatedir='${prefix}/com'
sysconfdir='${prefix}/etc'
target='i686-pc-linux-gnu'
target_alias=''
target_cpu='i686'
target_os='linux-gnu'
target_vendor='pc'

## ----------- ##
## confdefs.h. ##
## ----------- ##

/* confdefs.h */
#define PACKAGE_NAME ""
#define PACKAGE_TARNAME ""
#define PACKAGE_VERSION ""
#define PACKAGE_STRING ""
#define PACKAGE_BUGREPORT ""
#define PACKAGE_URL ""
#define STDC_HEADERS 1
#define HAVE_SYS_TYPES_H 1
#define HAVE_SYS_STAT_H 1
#define HAVE_STDLIB_H 1
#define HAVE_STRING_H 1
#define HAVE_MEMORY_H 1
#define HAVE_STRINGS_H 1
#define HAVE_INTTYPES_H 1
#define HAVE_STDINT_H 1
#define HAVE_UNISTD_H 1
#define HAVE_DLFCN_H 1
#define LT_OBJDIR ".libs/"
#define STDC_HEADERS 1
#define HAVE_DIRENT_H 1
#define HAVE_SYS_TYPES_H 1
#define HAVE_SYS_TIME_H 1
#define HAVE_TERMIO_H 1
#define HAVE_UNISTD_H 1
#define HAVE_MATH_H 1
#define HAVE_LOCALE_H 1
#define TIME_WITH_SYS_TIME 1
#define HAVE_ALLOCA_H 1
#define HAVE_ALLOCA 1
#define HAVE_STDLIB_H 1
#define HAVE_UNISTD_H 1
#define HAVE_SYS_PARAM_H 1
#define HAVE_GETPAGESIZE 1
#define HAVE_MMAP 1
#define HAVE_VPRINTF 1
#define HAVE_TIME 1
#define HAVE_MKTIME 1
#define HAVE_LOCALTIME 1
#define HAVE_STRDUP 1
#define HAVE_STRCASECMP 1
#define HAVE_STRNCASECMP 1
#define HAVE_STRERROR 1
#define HAVE_SETLOCALE 1
#define HAVE_GETPT 1
#define _NEWGAL_ENGINE_DUMMY 1
#define _NEWGAL_ENGINE_FBCON 1
#define _NEWGAL_ENGINE_QVFB 1
#define MINIGUI_MAJOR_VERSION 2
#define MINIGUI_MINOR_VERSION 0
#define MINIGUI_MICRO_VERSION 4
#define MINIGUI_INTERFACE_AGE 0
#define MINIGUI_BINARY_AGE 0
#define __LINUX__ 1
#define __TARGET_UNKNOWN__ 1
#define _MGRM_THREADS 1
#define _HAVE_MATH_LIB 1
#define _USE_NEWGAL 1
#define _ADV_2DAPI 1
#define _FIXED_MATH 1
#define _TIMER_UNIT_10MS 1
#define _MOVE_WINDOW_BY_MOUSE 1
#define _PC3D_WINDOW_STYLE 1
#define _DOUBLE_CLICK 1
#define _DUMMY_IAL 1
#define _QVFB_IAL 1
#define _NATIVE_IAL_ENGINE 1
#define _PS2_SUPPORT 1
#define _IMPS2_SUPPORT 1
#define _MS_SUPPORT 1
#define _MS3_SUPPORT 1
#define _GPM_SUPPORT 1
#define _HAVE_TEXT_MODE 1
#define _CURSOR_SUPPORT 1
#define _CLIPBOARD_SUPPORT 1
#define _RBF_SUPPORT 1
#define _VBF_SUPPORT 1
#define _INCOREFONT_SANSSERIF 1
#define _INCOREFONT_COURIER 1
#define _QPF_SUPPORT 1
#define _FT2_SUPPORT 1
#define _LATIN9_SUPPORT 1
#define _GB_SUPPORT 1
#define _GBK_SUPPORT 1
#define _BIG5_SUPPORT 1
#define _UNICODE_SUPPORT 1
#define _SAVE_BITMAP 1
#define _GIF_FILE_SUPPORT 1
#define _JPG_FILE_SUPPORT 1
#define _IME_GB2312 1
#define _MISC_MOUSECALIBRATE 1
#define _MISC_ABOUTDLG 1
#define _MISC_SAVESCREEN 1
#define _CTRL_STATIC 1
#define _CTRL_BUTTON 1
#define _CTRL_SIMEDIT 1
#define _CTRL_SLEDIT 1
#define _CTRL_LISTBOX 1
#define _CTRL_PROGRESSBAR 1
#define _CTRL_TOOLBAR 1
#define _CTRL_NEWTOOLBAR 1
#define _CTRL_MENUBUTTON 1
#define _CTRL_TRACKBAR 1
#define _CTRL_COMBOBOX 1
#define _CTRL_PROPSHEET 1
#define _CTRL_SCROLLVIEW 1
#define _CTRL_TEXTEDIT 1
#define _EXT_CTRL_MONTHCAL 1
#define _EXT_CTRL_TREEVIEW 1
#define _EXT_CTRL_SPINBOX 1
#define _EXT_CTRL_COOLBAR 1
#define _EXT_CTRL_LISTVIEW 1
#define _EXT_CTRL_ICONVIEW 1
#define _EXT_CTRL_ANIMATION 1
#define _EXT_SKIN 1
#define _LIB_VCONGUI 1

configure: exit 0
